<?xml version="1.0" encoding="UTF-8"?>
<!-- Generated by org.testng.reporters.JUnitReportReporter -->
<testsuite hostname="DESKTOP-2DTEEDM" failures="0" tests="1" name="practiceHomeTest.UsingReporterFunctionality" time="0.070" errors="0" timestamp="27 Aug 2024 07:46:02 GMT" skipped="0">
  <testcase classname="practiceHomeTest.UsingReporterFunctionality" name="verifyHomePageReporter" time="0.070"/>
</testsuite> <!-- practiceHomeTest.UsingReporterFunctionality -->
