<?xml version="1.0" encoding="UTF-8"?>
<!-- Generated by org.testng.reporters.JUnitReportReporter -->
<testsuite hostname="DESKTOP-2DTEEDM" failures="0" tests="2" name="configAnnotation.createContactTest" time="0.064" errors="0" timestamp="24 Aug 2024 06:52:41 GMT" skipped="0">
  <testcase classname="configAnnotation.createContactTest" name="createContact" time="0.032"/>
  <testcase classname="configAnnotation.createContactTest" name="createOrg" time="0.032"/>
</testsuite> <!-- configAnnotation.createContactTest -->
