<?xml version="1.0" encoding="UTF-8"?>
<!-- Generated by org.testng.reporters.JUnitReportReporter -->
<testsuite hostname="DESKTOP-2DTEEDM" failures="0" tests="1" name="practice.sampleReportTest" time="2.437" errors="0" timestamp="06 Sept 2024 07:49:27 GMT" skipped="0">
  <testcase classname="practice.sampleReportTest" name="createContactTest" time="2.437"/>
</testsuite> <!-- practice.sampleReportTest -->
