<?xml version="1.0" encoding="UTF-8"?>
<!-- Generated by org.testng.reporters.JUnitReportReporter -->
<testsuite hostname="DESKTOP-2DTEEDM" failures="0" tests="1" name="DataDriverTesting.ReadDataFromTestNG" time="0.052" errors="0" timestamp="02 Aug 2024 10:59:07 GMT" skipped="0">
  <testcase classname="DataDriverTesting.ReadDataFromTestNG" name="sampleTest" time="0.052"/>
</testsuite> <!-- DataDriverTesting.ReadDataFromTestNG -->
