<?xml version="1.0" encoding="UTF-8"?>
<!-- Generated by org.testng.reporters.JUnitReportReporter -->
<testsuite hostname="DESKTOP-2DTEEDM" failures="0" tests="1" name="practice.ss1" time="14.748" errors="0" timestamp="28 Aug 2024 12:27:20 GMT" skipped="0">
  <testcase classname="practice.ss1" name="screenshot" time="14.748"/>
</testsuite> <!-- practice.ss1 -->
