<?xml version="1.0" encoding="UTF-8"?>
<!-- Generated by org.testng.reporters.JUnitReportReporter -->
<testsuite hostname="DESKTOP-2DTEEDM" failures="0" tests="1" name="practice.dataFromPropertiesToExcel" time="2.755" errors="0" timestamp="28 Aug 2024 08:01:16 GMT" skipped="0">
  <testcase classname="practice.dataFromPropertiesToExcel" name="m1" time="2.755"/>
</testsuite> <!-- practice.dataFromPropertiesToExcel -->
