<?xml version="1.0" encoding="UTF-8"?>
<!-- Generated by org.testng.reporters.JUnitReportReporter -->
<testsuite hostname="DESKTOP-2DTEEDM" failures="0" tests="2" name="practiceHomeTest.HomePageVerification" time="29.365" errors="0" timestamp="27 Aug 2024 04:51:58 GMT" skipped="0">
  <testcase classname="practiceHomeTest.HomePageVerification" name="verifyLogoHomePageTest" time="12.511"/>
  <testcase classname="practiceHomeTest.HomePageVerification" name="homePageTest" time="16.854"/>
</testsuite> <!-- practiceHomeTest.HomePageVerification -->
