<?xml version="1.0" encoding="UTF-8"?>
<!-- Generated by org.testng.reporters.JUnitReportReporter -->
<testsuite hostname="DESKTOP-2DTEEDM" failures="0" tests="1" name="practice.sampleReportTestUsingBaseClass" time="7.056" errors="0" timestamp="09 Sept 2024 05:45:27 GMT" skipped="0">
  <testcase classname="practice.sampleReportTestUsingBaseClass" name="createContactTest" time="7.056"/>
</testsuite> <!-- practice.sampleReportTestUsingBaseClass -->
