<?xml version="1.0" encoding="UTF-8"?>
<!-- Generated by org.testng.reporters.JUnitReportReporter -->
<testsuite hostname="DESKTOP-2DTEEDM" failures="0" tests="1" name="DataDriverTesting.readRuntimeMavenParameterTest" time="0.295" errors="0" timestamp="02 Aug 2024 09:31:42 GMT" skipped="0">
  <testcase classname="DataDriverTesting.readRuntimeMavenParameterTest" name="runtimeParameterTest" time="0.295"/>
</testsuite> <!-- DataDriverTesting.readRuntimeMavenParameterTest -->
