<?xml version="1.0" encoding="UTF-8"?>
<!-- Generated by org.testng.reporters.JUnitReportReporter -->
<testsuite hostname="DESKTOP-2DTEEDM" failures="0" tests="3" name="practice.sampleReportForMultipleTest" time="1.317" errors="0" timestamp="09 Sept 2024 05:26:22 GMT" skipped="0">
  <testcase classname="practice.sampleReportForMultipleTest" name="createContactWithORG" time="0.009"/>
  <testcase classname="practice.sampleReportForMultipleTest" name="createContactWithPhoneNumber" time="0.020"/>
  <testcase classname="practice.sampleReportForMultipleTest" name="createContactTest" time="1.288"/>
</testsuite> <!-- practice.sampleReportForMultipleTest -->
