<?xml version="1.0" encoding="UTF-8"?>
<!-- Generated by org.testng.reporters.JUnitReportReporter -->
<testsuite hostname="DESKTOP-2DTEEDM" failures="0" tests="1" name="POMImplementation.AutoHealingSampleTest" time="13.251" errors="0" timestamp="13 Aug 2024 04:23:19 GMT" skipped="0">
  <testcase classname="POMImplementation.AutoHealingSampleTest" name="sampleTest" time="13.251"/>
</testsuite> <!-- POMImplementation.AutoHealingSampleTest -->
