<?xml version="1.0" encoding="UTF-8"?>
<!-- Generated by org.testng.reporters.JUnitReportReporter -->
<testsuite hostname="DESKTOP-2DTEEDM" failures="0" tests="1" name="BaseClassIntroduction.createOrgTest" time="0.060" errors="0" timestamp="24 Aug 2024 07:41:50 GMT" skipped="0">
  <testcase classname="BaseClassIntroduction.createOrgTest" name="createOrgWithIndustry" time="0.060"/>
</testsuite> <!-- BaseClassIntroduction.createOrgTest -->
