<?xml version="1.0" encoding="UTF-8"?>
<!-- Generated by org.testng.reporters.JUnitReportReporter -->
<testsuite hostname="DESKTOP-2DTEEDM" failures="0" tests="1" name="DataDriverTesting.usingselectQueryBasedonCondition" time="0.895" errors="0" timestamp="03 Aug 2024 11:33:02 GMT" skipped="0">
  <testcase classname="DataDriverTesting.usingselectQueryBasedonCondition" name="studentCheckTest" time="0.895"/>
</testsuite> <!-- DataDriverTesting.usingselectQueryBasedonCondition -->
