<?xml version="1.0" encoding="UTF-8"?>
<!-- Generated by org.testng.reporters.JUnitReportReporter -->
<testsuite hostname="DESKTOP-2DTEEDM" failures="0" tests="1" name="POMImplementation.sampleTestWithPOM" time="13.390" errors="0" timestamp="12 Aug 2024 06:33:41 GMT" skipped="0">
  <testcase classname="POMImplementation.sampleTestWithPOM" name="sampleTest" time="13.390"/>
</testsuite> <!-- POMImplementation.sampleTestWithPOM -->
